<?xml version="1.0" encoding="UTF-8"?>
<robot generator="Robot 6.0.1 (Python 3.11.0 on darwin)" generated="20230221 14:45:51.897" rpa="false" schemaversion="3">
<suite id="s1" name="Dicionarios" source="/Users/trayde/Documents/Programacao/Robot Xpert Full Stack/dicionarios.robot">
<test id="s1-t1" name="Obtendo valores de um Dicionarios" line="9">
<kw name="Log To Console" library="BuiltIn">
<arg>${CARRO.cor}</arg>
<doc>Logs the given message to the console.</doc>
<status status="PASS" starttime="20230221 14:45:51.973" endtime="20230221 14:45:51.978"/>
</kw>
<status status="PASS" starttime="20230221 14:45:51.966" endtime="20230221 14:45:51.981"/>
</test>
<doc>Conheçendo os Dicionarios do Robot (NAtivo no Python)</doc>
<status status="PASS" starttime="20230221 14:45:51.903" endtime="20230221 14:45:51.985"/>
</suite>
<statistics>
<total>
<stat pass="1" fail="0" skip="0">All Tests</stat>
</total>
<tag>
</tag>
<suite>
<stat pass="1" fail="0" skip="0" id="s1" name="Dicionarios">Dicionarios</stat>
</suite>
</statistics>
<errors>
</errors>
</robot>
