<?xml version="1.0" encoding="UTF-8"?>
<robot generator="Robot 6.0.1 (Python 3.11.0 on darwin)" generated="20230211 13:11:58.592" rpa="false" schemaversion="3">
<suite id="s1" name="Conta" source="/Users/trayde/Documents/Programacao/Robot Xpert Full Stack/conta.robot">
<test id="s1-t1" name="Quando abro uma nova conta deve retornar saldo ZERADO" line="7">
<kw name="Abrir Conta" library="ContaLibrary">
<status status="PASS" starttime="20230211 13:11:58.636" endtime="20230211 13:11:58.637"/>
</kw>
<kw name="Obter Saldo" library="ContaLibrary">
<var>${saldo_final}</var>
<msg timestamp="20230211 13:11:58.637" level="INFO">${saldo_final} = 0.0</msg>
<status status="PASS" starttime="20230211 13:11:58.637" endtime="20230211 13:11:58.640"/>
</kw>
<kw name="Convert To Number" library="BuiltIn">
<var>${saldo_esperado}</var>
<arg>0.0</arg>
<doc>Converts the given item to a floating point number.</doc>
<msg timestamp="20230211 13:11:58.641" level="INFO">${saldo_esperado} = 0.0</msg>
<status status="PASS" starttime="20230211 13:11:58.641" endtime="20230211 13:11:58.641"/>
</kw>
<kw name="Should Be Equal" library="BuiltIn">
<arg>${saldo_final}</arg>
<arg>${saldo_esperado}</arg>
<doc>Fails if the given objects are unequal.</doc>
<status status="PASS" starttime="20230211 13:11:58.642" endtime="20230211 13:11:58.642"/>
</kw>
<status status="PASS" starttime="20230211 13:11:58.636" endtime="20230211 13:11:58.643"/>
</test>
<test id="s1-t2" name="Quando faço um deposito deve refletir o valor no meu saldo" line="15">
<kw name="Abrir Conta" library="ContaLibrary">
<status status="PASS" starttime="20230211 13:11:58.643" endtime="20230211 13:11:58.644"/>
</kw>
<kw name="Convert To Number" library="BuiltIn">
<var>${valor_deposito}</var>
<arg>100</arg>
<doc>Converts the given item to a floating point number.</doc>
<msg timestamp="20230211 13:11:58.645" level="INFO">${valor_deposito} = 100.0</msg>
<status status="PASS" starttime="20230211 13:11:58.644" endtime="20230211 13:11:58.645"/>
</kw>
<kw name="Deposita" library="ContaLibrary">
<arg>${valor_deposito}</arg>
<status status="PASS" starttime="20230211 13:11:58.645" endtime="20230211 13:11:58.645"/>
</kw>
<kw name="Obter Saldo" library="ContaLibrary">
<var>${saldo_final}</var>
<msg timestamp="20230211 13:11:58.646" level="INFO">${saldo_final} = 100.0</msg>
<status status="PASS" starttime="20230211 13:11:58.646" endtime="20230211 13:11:58.646"/>
</kw>
<kw name="Should Be Equal" library="BuiltIn">
<arg>${saldo_final}</arg>
<arg>${valor_deposito}</arg>
<doc>Fails if the given objects are unequal.</doc>
<status status="PASS" starttime="20230211 13:11:58.647" endtime="20230211 13:11:58.647"/>
</kw>
<status status="PASS" starttime="20230211 13:11:58.643" endtime="20230211 13:11:58.647"/>
</test>
<test id="s1-t3" name="Qaundo eu faco um saque deduzir o valor do meu saldo" line="25">
<kw name="Abrir Conta" library="ContaLibrary">
<status status="PASS" starttime="20230211 13:11:58.648" endtime="20230211 13:11:58.648"/>
</kw>
<kw name="Convert To Number" library="BuiltIn">
<var>${valor_deposito}</var>
<arg>2000</arg>
<doc>Converts the given item to a floating point number.</doc>
<msg timestamp="20230211 13:11:58.649" level="INFO">${valor_deposito} = 2000.0</msg>
<status status="PASS" starttime="20230211 13:11:58.649" endtime="20230211 13:11:58.649"/>
</kw>
<kw name="Deposita" library="ContaLibrary">
<arg>${valor_deposito}</arg>
<status status="PASS" starttime="20230211 13:11:58.654" endtime="20230211 13:11:58.654"/>
</kw>
<kw name="Convert To Number" library="BuiltIn">
<var>${valor_saque}</var>
<arg>200</arg>
<doc>Converts the given item to a floating point number.</doc>
<msg timestamp="20230211 13:11:58.655" level="INFO">${valor_saque} = 200.0</msg>
<status status="PASS" starttime="20230211 13:11:58.654" endtime="20230211 13:11:58.655"/>
</kw>
<kw name="Saca" library="ContaLibrary">
<arg>${valor_saque}</arg>
<status status="PASS" starttime="20230211 13:11:58.655" endtime="20230211 13:11:58.655"/>
</kw>
<kw name="Evaluate" library="BuiltIn">
<var>${saldo_esperado}</var>
<arg>${valor_deposito} - ${valor_saque} - 2</arg>
<doc>Evaluates the given expression in Python and returns the result.</doc>
<msg timestamp="20230211 13:11:58.656" level="INFO">${saldo_esperado} = 1798.0</msg>
<status status="PASS" starttime="20230211 13:11:58.656" endtime="20230211 13:11:58.656"/>
</kw>
<kw name="Obter Saldo" library="ContaLibrary">
<var>${saldo_final}</var>
<msg timestamp="20230211 13:11:58.657" level="INFO">${saldo_final} = 1798.0</msg>
<status status="PASS" starttime="20230211 13:11:58.657" endtime="20230211 13:11:58.657"/>
</kw>
<kw name="Should Be Equal" library="BuiltIn">
<arg>${saldo_final}</arg>
<arg>${saldo_esperado}</arg>
<doc>Fails if the given objects are unequal.</doc>
<status status="PASS" starttime="20230211 13:11:58.657" endtime="20230211 13:11:58.658"/>
</kw>
<status status="PASS" starttime="20230211 13:11:58.648" endtime="20230211 13:11:58.658"/>
</test>
<doc>Suite para teste a classe ContaLibray</doc>
<status status="PASS" starttime="20230211 13:11:58.597" endtime="20230211 13:11:58.658"/>
</suite>
<statistics>
<total>
<stat pass="3" fail="0" skip="0">All Tests</stat>
</total>
<tag>
</tag>
<suite>
<stat pass="3" fail="0" skip="0" id="s1" name="Conta">Conta</stat>
</suite>
</statistics>
<errors>
</errors>
</robot>
