<?xml version="1.0" encoding="UTF-8"?>
<robot generator="Robot 6.0.1 (Python 3.11.0 on darwin)" generated="20230209 13:39:46.985" rpa="false" schemaversion="3">
<suite id="s1" name="Conta" source="/Users/trayde/Documents/Programacao/Robot Xpert Full Stack/RobotXpert/conta.robot">
<test id="s1-t1" name="Quando abro uma nova conta deve retornar saldo ZERADO" line="8">
<kw name="Abrir Conta" library="ContaLibrary">
<status status="PASS" starttime="20230209 13:39:47.018" endtime="20230209 13:39:47.018"/>
</kw>
<kw name="Obter Saldo" library="ContaLibrary">
<var>${saldo_final}</var>
<msg timestamp="20230209 13:39:47.019" level="INFO">${saldo_final} = 0.0</msg>
<status status="PASS" starttime="20230209 13:39:47.019" endtime="20230209 13:39:47.023"/>
</kw>
<kw name="Convert To Number" library="BuiltIn">
<var>${saldo_esperado}</var>
<arg>0.0</arg>
<doc>Converts the given item to a floating point number.</doc>
<msg timestamp="20230209 13:39:47.024" level="INFO">${saldo_esperado} = 0.0</msg>
<status status="PASS" starttime="20230209 13:39:47.023" endtime="20230209 13:39:47.024"/>
</kw>
<kw name="Should Be Equal" library="BuiltIn">
<arg>${saldo_final}</arg>
<arg>${saldo_esperado}</arg>
<doc>Fails if the given objects are unequal.</doc>
<status status="PASS" starttime="20230209 13:39:47.024" endtime="20230209 13:39:47.025"/>
</kw>
<status status="PASS" starttime="20230209 13:39:47.017" endtime="20230209 13:39:47.025"/>
</test>
<doc>Suite para teste a classe ContaLibray</doc>
<status status="PASS" starttime="20230209 13:39:46.991" endtime="20230209 13:39:47.025"/>
</suite>
<statistics>
<total>
<stat pass="1" fail="0" skip="0">All Tests</stat>
</total>
<tag>
</tag>
<suite>
<stat pass="1" fail="0" skip="0" id="s1" name="Conta">Conta</stat>
</suite>
</statistics>
<errors>
</errors>
</robot>
