<?xml version="1.0" encoding="UTF-8"?>
<robot generator="Robot 6.0.1 (Python 3.11.0 on darwin)" generated="20230222 13:34:09.702" rpa="false" schemaversion="3">
<suite id="s1" name="Conta" source="/Users/trayde/Documents/Programacao/Robot Xpert Full Stack/conta.robot">
<test id="s1-t1" name="Quando abro uma nova conta deve retornar saldo ZERADO" line="7">
<kw name="Abrir Conta" library="ContaLibrary">
<status status="PASS" starttime="20230222 13:34:09.744" endtime="20230222 13:34:09.745"/>
</kw>
<kw name="Obter Saldo" library="ContaLibrary">
<var>${saldo_final}</var>
<msg timestamp="20230222 13:34:09.746" level="INFO">${saldo_final} = 0.0</msg>
<status status="PASS" starttime="20230222 13:34:09.746" endtime="20230222 13:34:09.748"/>
</kw>
<kw name="Convert To Number" library="BuiltIn">
<var>${saldo_esperado}</var>
<arg>0.0</arg>
<doc>Converts the given item to a floating point number.</doc>
<msg timestamp="20230222 13:34:09.750" level="INFO">${saldo_esperado} = 0.0</msg>
<status status="PASS" starttime="20230222 13:34:09.749" endtime="20230222 13:34:09.750"/>
</kw>
<kw name="Should Be Equal" library="BuiltIn">
<arg>${saldo_final}</arg>
<arg>${saldo_esperado}</arg>
<doc>Fails if the given objects are unequal.</doc>
<status status="PASS" starttime="20230222 13:34:09.750" endtime="20230222 13:34:09.752"/>
</kw>
<status status="PASS" starttime="20230222 13:34:09.744" endtime="20230222 13:34:09.752"/>
</test>
<test id="s1-t2" name="Quando faço um deposito deve refletir o valor no meu saldo" line="15">
<kw name="Abrir Conta" library="ContaLibrary">
<status status="PASS" starttime="20230222 13:34:09.753" endtime="20230222 13:34:09.753"/>
</kw>
<kw name="Convert To Number" library="BuiltIn">
<var>${valor_deposito}</var>
<arg>100</arg>
<doc>Converts the given item to a floating point number.</doc>
<msg timestamp="20230222 13:34:09.754" level="INFO">${valor_deposito} = 100.0</msg>
<status status="PASS" starttime="20230222 13:34:09.753" endtime="20230222 13:34:09.754"/>
</kw>
<kw name="Deposita" library="ContaLibrary">
<arg>${valor_deposito}</arg>
<status status="PASS" starttime="20230222 13:34:09.754" endtime="20230222 13:34:09.755"/>
</kw>
<kw name="Obter Saldo" library="ContaLibrary">
<var>${saldo_final}</var>
<msg timestamp="20230222 13:34:09.755" level="INFO">${saldo_final} = 100.0</msg>
<status status="PASS" starttime="20230222 13:34:09.755" endtime="20230222 13:34:09.755"/>
</kw>
<kw name="Should Be Equal" library="BuiltIn">
<arg>${saldo_final}</arg>
<arg>${valor_deposito}</arg>
<doc>Fails if the given objects are unequal.</doc>
<status status="PASS" starttime="20230222 13:34:09.755" endtime="20230222 13:34:09.756"/>
</kw>
<status status="PASS" starttime="20230222 13:34:09.752" endtime="20230222 13:34:09.756"/>
</test>
<test id="s1-t3" name="Qaundo eu faco um saque deduzir o valor do meu saldo" line="25">
<kw name="Abrir Conta" library="ContaLibrary">
<status status="PASS" starttime="20230222 13:34:09.757" endtime="20230222 13:34:09.757"/>
</kw>
<kw name="Convert To Number" library="BuiltIn">
<var>${valor_deposito}</var>
<arg>2000</arg>
<doc>Converts the given item to a floating point number.</doc>
<msg timestamp="20230222 13:34:09.758" level="INFO">${valor_deposito} = 2000.0</msg>
<status status="PASS" starttime="20230222 13:34:09.758" endtime="20230222 13:34:09.758"/>
</kw>
<kw name="Deposita" library="ContaLibrary">
<arg>${valor_deposito}</arg>
<status status="PASS" starttime="20230222 13:34:09.758" endtime="20230222 13:34:09.759"/>
</kw>
<kw name="Convert To Number" library="BuiltIn">
<var>${valor_saque}</var>
<arg>200</arg>
<doc>Converts the given item to a floating point number.</doc>
<msg timestamp="20230222 13:34:09.760" level="INFO">${valor_saque} = 200.0</msg>
<status status="PASS" starttime="20230222 13:34:09.759" endtime="20230222 13:34:09.760"/>
</kw>
<kw name="Saca" library="ContaLibrary">
<arg>${valor_saque}</arg>
<status status="PASS" starttime="20230222 13:34:09.760" endtime="20230222 13:34:09.760"/>
</kw>
<kw name="Evaluate" library="BuiltIn">
<var>${saldo_esperado}</var>
<arg>${valor_deposito} - ${valor_saque} - 2</arg>
<doc>Evaluates the given expression in Python and returns the result.</doc>
<msg timestamp="20230222 13:34:09.763" level="INFO">${saldo_esperado} = 1798.0</msg>
<status status="PASS" starttime="20230222 13:34:09.760" endtime="20230222 13:34:09.763"/>
</kw>
<kw name="Obter Saldo" library="ContaLibrary">
<var>${saldo_final}</var>
<msg timestamp="20230222 13:34:09.764" level="INFO">${saldo_final} = 1798.0</msg>
<status status="PASS" starttime="20230222 13:34:09.763" endtime="20230222 13:34:09.764"/>
</kw>
<kw name="Should Be Equal" library="BuiltIn">
<arg>${saldo_final}</arg>
<arg>${saldo_esperado}</arg>
<doc>Fails if the given objects are unequal.</doc>
<status status="PASS" starttime="20230222 13:34:09.764" endtime="20230222 13:34:09.765"/>
</kw>
<status status="PASS" starttime="20230222 13:34:09.756" endtime="20230222 13:34:09.765"/>
</test>
<doc>Suite para teste a classe ContaLibray</doc>
<status status="PASS" starttime="20230222 13:34:09.709" endtime="20230222 13:34:09.765"/>
</suite>
<statistics>
<total>
<stat pass="3" fail="0" skip="0">All Tests</stat>
</total>
<tag>
</tag>
<suite>
<stat pass="3" fail="0" skip="0" id="s1" name="Conta">Conta</stat>
</suite>
</statistics>
<errors>
</errors>
</robot>
