<?xml version="1.0" encoding="UTF-8"?>
<robot generator="Robot 6.0.1 (Python 3.11.0 on darwin)" generated="20230209 17:48:53.628" rpa="false" schemaversion="3">
<suite id="s1" name="Listas" source="/Users/trayde/Documents/Programacao/Robot Xpert Full Stack/listas.robot">
<test id="s1-t1" name="Minha Lista" line="12">
<kw name="Combine Lists" library="Collections">
<var>${crossower}</var>
<arg>${AVENGERS}</arg>
<arg>${JUSTICE}</arg>
<doc>Combines the given ``lists`` together and returns the result.</doc>
<msg timestamp="20230209 17:48:53.669" level="INFO">${crossower} = ['Thot', 'Hulk', 'Ironman', 'Cap', 'Superman', 'Wonder Woman', 'Batman', 'Arrow']</msg>
<status status="PASS" starttime="20230209 17:48:53.668" endtime="20230209 17:48:53.670"/>
</kw>
<kw name="Log To Console" library="BuiltIn">
<arg>${crossower}</arg>
<doc>Logs the given message to the console.</doc>
<status status="PASS" starttime="20230209 17:48:53.670" endtime="20230209 17:48:53.671"/>
</kw>
<status status="PASS" starttime="20230209 17:48:53.666" endtime="20230209 17:48:53.671"/>
</test>
<doc>Conhecento as Listas</doc>
<status status="PASS" starttime="20230209 17:48:53.633" endtime="20230209 17:48:53.671"/>
</suite>
<statistics>
<total>
<stat pass="1" fail="0" skip="0">All Tests</stat>
</total>
<tag>
</tag>
<suite>
<stat pass="1" fail="0" skip="0" id="s1" name="Listas">Listas</stat>
</suite>
</statistics>
<errors>
</errors>
</robot>
